Arguments: 
  C:\Program Files\nodejs\node.exe C:\Program Files (x86)\Yarn\bin\yarn.js install

PATH: 
  C:\Program Files\Git\mingw64\bin;C:\Program Files\Git\usr\bin;C:\Users\smanicka\bin;C:\Python27;C:\Python27\Scripts;C:\ProgramData\Oracle\Java\javapath;C:\WINDOWS\system32;C:\WINDOWS;C:\WINDOWS\System32\Wbem;C:\WINDOWS\System32\WindowsPowerShell\v1.0;C:\Program Files\TortoiseHg;C:\opscode\chefdk\bin;C:\Program Files\PuTTY;C:\Work\Automation\apache-maven-3.5.2\bin;C:\Work\Automation\apache-maven-3.5.2\bin;C:\Work\Automation\drivers\chromedriver.exe;C:\Work\Automation\drivers\geckodriver.exe;C:\Work\Automation\drivers;C:\Program Files\Java\jdk1.8.0_161;C:\Program Files\Oracle\VirtualBox;C:\HashiCorp\Vagrant\bin;C:\Work\Devops\teraform;C:\Program Files\Collaborator Client;C:\opscode\chef\bin;C:\Users\smanicka\Downloads\PyAutoIt-0.4\PyAutoIt-0.4;C:\Program Files\nodejs\node.exe;C:\Program Files\nodejs;C:\Program Files\Git\cmd;C:\Program Files\Git\mingw64\bin;C:\Program Files\Git\usr\bin;C:\Program Files (x86)\Yarn\bin;C:\Ruby25-x64\bin;C:\Users\smanicka\AppData\Local\Microsoft\WindowsApps;C:\Users\smanicka\AppData\Local\atom\bin;C:\Users\smanicka\AppData\Local\Microsoft\WindowsApps;C:\Work\Automation\apache-maven-3.5.2\bin;C:\Work\Automation\drivers\chromedriver.exe;C:\Work\Automation\drivers\geckodriver.exe;C:\Users\smanicka\AppData\Local\Programs\Microsoft VS Code\bin;C:\Users\smanicka\AppData\Roaming\npm;C:\Users\smanicka\AppData\Local\Yarn\bin

Yarn version: 
  1.17.3

Node version: 
  10.16.0

Platform: 
  win32 x64

Trace: 
  Error: https://registry.yarnpkg.com/core-js/-/core-js-2.6.10.tgz: ESOCKETTIMEDOUT
      at ClientRequest.<anonymous> (C:\Program Files (x86)\Yarn\lib\cli.js:141091:19)
      at Object.onceWrapper (events.js:286:20)
      at ClientRequest.emit (events.js:198:13)
      at TLSSocket.emitRequestTimeout (_http_client.js:662:40)
      at Object.onceWrapper (events.js:286:20)
      at TLSSocket.emit (events.js:198:13)
      at TLSSocket.Socket._onTimeout (net.js:442:8)
      at ontimeout (timers.js:436:11)
      at tryOnTimeout (timers.js:300:5)
      at listOnTimeout (timers.js:263:5)

npm manifest: 
  {
    "name": "react-complete-guide",
    "version": "0.1.0",
    "private": true,
    "dependencies": {
      "autoprefixer": "7.1.2",
      "babel-core": "6.25.0",
      "babel-eslint": "7.2.3",
      "babel-jest": "20.0.3",
      "babel-loader": "7.1.1",
      "babel-preset-react-app": "^3.0.2",
      "babel-runtime": "6.26.0",
      "case-sensitive-paths-webpack-plugin": "2.1.1",
      "chalk": "1.1.3",
      "css-loader": "0.28.4",
      "dotenv": "4.0.0",
      "eslint": "4.4.1",
      "eslint-config-react-app": "^2.0.0",
      "eslint-loader": "1.9.0",
      "eslint-plugin-flowtype": "2.35.0",
      "eslint-plugin-import": "2.7.0",
      "eslint-plugin-jsx-a11y": "5.1.1",
      "eslint-plugin-react": "7.1.0",
      "extract-text-webpack-plugin": "3.0.0",
      "file-loader": "0.11.2",
      "fs-extra": "3.0.1",
      "html-webpack-plugin": "2.29.0",
      "jest": "20.0.4",
      "object-assign": "4.1.1",
      "postcss-flexbugs-fixes": "3.2.0",
      "postcss-loader": "2.0.6",
      "promise": "8.0.1",
      "prop-types": "^15.6.0",
      "react": "^16.0.0",
      "react-dev-utils": "^4.0.1",
      "react-dom": "^16.0.0",
      "style-loader": "0.18.2",
      "sw-precache-webpack-plugin": "0.11.4",
      "url-loader": "0.5.9",
      "webpack": "3.5.1",
      "webpack-dev-server": "2.7.1",
      "webpack-manifest-plugin": "1.2.1",
      "whatwg-fetch": "2.0.3"
    },
    "scripts": {
      "start": "node scripts/start.js",
      "build": "node scripts/build.js",
      "test": "node scripts/test.js --env=jsdom"
    },
    "jest": {
      "collectCoverageFrom": [
        "src/**/*.{js,jsx}"
      ],
      "setupFiles": [
        "<rootDir>/config/polyfills.js"
      ],
      "testMatch": [
        "<rootDir>/src/**/__tests__/**/*.js?(x)",
        "<rootDir>/src/**/?(*.)(spec|test).js?(x)"
      ],
      "testEnvironment": "node",
      "testURL": "http://localhost",
      "transform": {
        "^.+\\.(js|jsx)$": "<rootDir>/node_modules/babel-jest",
        "^.+\\.css$": "<rootDir>/config/jest/cssTransform.js",
        "^(?!.*\\.(js|jsx|css|json)$)": "<rootDir>/config/jest/fileTransform.js"
      },
      "transformIgnorePatterns": [
        "[/\\\\]node_modules[/\\\\].+\\.(js|jsx)$"
      ],
      "moduleNameMapper": {
        "^react-native$": "react-native-web"
      },
      "moduleFileExtensions": [
        "web.js",
        "js",
        "json",
        "web.jsx",
        "jsx",
        "node"
      ]
    },
    "babel": {
      "presets": [
        "react-app"
      ]
    },
    "eslintConfig": {
      "extends": "react-app"
    }
  }

yarn manifest: 
  No manifest

Lockfile: 
  No lockfile
